<?xml version="1.0" encoding="UTF-8"?>
<!-- Generated by org.testng.reporters.JUnitReportReporter -->
<testsuite hostname="LAPTOP-IF1N6R8V" failures="0" tests="4" name="com.RestAssuredDemo.RestAssuredDemo.Test02_Post" time="9.081" errors="0" timestamp="2020-08-11T16:05:57 BST" skipped="0">
  <testcase classname="com.RestAssuredDemo.RestAssuredDemo.Test02_Post" name="test_06_Delete" time="0.631"/>
  <system-out/>
  <testcase classname="com.RestAssuredDemo.RestAssuredDemo.Test02_Post" name="test_03_Post" time="7.456"/>
  <system-out/>
  <testcase classname="com.RestAssuredDemo.RestAssuredDemo.Test02_Post" name="test_04_Put" time="0.594"/>
  <system-out/>
  <testcase classname="com.RestAssuredDemo.RestAssuredDemo.Test02_Post" name="test_05_Patch" time="0.400"/>
  <system-out/>
</testsuite> <!-- com.RestAssuredDemo.RestAssuredDemo.Test02_Post -->
