<?xml version="1.0" encoding="UTF-8"?>
<!-- Generated by org.testng.reporters.JUnitReportReporter -->
<testsuite hostname="LAPTOP-IF1N6R8V" failures="0" tests="2" name="com.RestAssuredDemo.RestAssuredDemo.Test01_GET" time="7.913" errors="0" timestamp="2020-08-11T15:27:44 BST" skipped="0">
  <testcase classname="com.RestAssuredDemo.RestAssuredDemo.Test01_GET" name="test_01" time="6.116"/>
  <system-out/>
  <testcase classname="com.RestAssuredDemo.RestAssuredDemo.Test01_GET" name="test_02" time="1.797"/>
  <system-out/>
</testsuite> <!-- com.RestAssuredDemo.RestAssuredDemo.Test01_GET -->
